# JRE version: OpenJDK Runtime Environment (21.0.5) (build 21.0.5+-12932927-b750.29)
# Java VM: OpenJDK 64-Bit Server VM (21.0.5+-12932927-b750.29, mixed mode, tiered, compressed oops, compressed class ptrs, g1 gc, windows-amd64)
GC Precious Log:
 CardTable entry size: 512
 Card Set container configuration: InlinePtr #cards 5 size 8 Array Of Cards #cards 12 size 40 Howl #buckets 4 coarsen threshold 1843 Howl Bitmap #cards 512 size 80 coarsen threshold 460 Card regions per heap region 1 cards per card region 2048
 CPUs: 16 total, 16 available
 Memory: 16109M
 Large Page Support: Disabled
 NUMA Support: Disabled
 Compressed Oops: Enabled (32-bit)
 Heap Region Size: 1M
 Heap Min Capacity: 8M
 Heap Initial Capacity: 252M
 Heap Max Capacity: 2G
 Pre-touch: Disabled
 Parallel Workers: 13
 Concurrent Workers: 3
 Concurrent Refinement Workers: 13
 Periodic GC: Disabled
Heap:
 garbage-first heap   total 103424K, used 74852K [0x0000000080000000, 0x0000000100000000)
  region size 1024K, 40 young (40960K), 5 survivors (5120K)
 Metaspace       used 70282K, committed 72000K, reserved 1114112K
  class space    used 9567K, committed 10432K, reserved 1048576K
GC Heap History (20 events):
Event: 2.778 GC heap before
{Heap before GC invocations=3 (full 0):
 garbage-first heap   total 258048K, used 41726K [0x0000000080000000, 0x0000000100000000)
  region size 1024K, 30 young (30720K), 5 survivors (5120K)
 Metaspace       used 21120K, committed 21504K, reserved 1114112K
  class space    used 2417K, committed 2560K, reserved 1048576K
}
Event: 2.782 GC heap after
{Heap after GC invocations=4 (full 0):
 garbage-first heap   total 258048K, used 20313K [0x0000000080000000, 0x0000000100000000)
  region size 1024K, 9 young (9216K), 9 survivors (9216K)
 Metaspace       used 21120K, committed 21504K, reserved 1114112K
  class space    used 2417K, committed 2560K, reserved 1048576K
}
Event: 3.632 GC heap before
{Heap before GC invocations=5 (full 0):
 garbage-first heap   total 71680K, used 69465K [0x0000000080000000, 0x0000000100000000)
  region size 1024K, 58 young (59392K), 9 survivors (9216K)
 Metaspace       used 29172K, committed 29760K, reserved 1114112K
  class space    used 3698K, committed 3968K, reserved 1048576K
}
Event: 3.638 GC heap after
{Heap after GC invocations=6 (full 0):
 garbage-first heap   total 83968K, used 23449K [0x0000000080000000, 0x0000000100000000)
  region size 1024K, 12 young (12288K), 12 survivors (12288K)
 Metaspace       used 29172K, committed 29760K, reserved 1114112K
  class space    used 3698K, committed 3968K, reserved 1048576K
}
Event: 4.274 GC heap before
{Heap before GC invocations=6 (full 0):
 garbage-first heap   total 83968K, used 61337K [0x0000000080000000, 0x0000000100000000)
  region size 1024K, 49 young (50176K), 12 survivors (12288K)
 Metaspace       used 34344K, committed 35200K, reserved 1114112K
  class space    used 4553K, committed 4992K, reserved 1048576K
}
Event: 4.280 GC heap after
{Heap after GC invocations=7 (full 0):
 garbage-first heap   total 83968K, used 26611K [0x0000000080000000, 0x0000000100000000)
  region size 1024K, 6 young (6144K), 6 survivors (6144K)
 Metaspace       used 34344K, committed 35200K, reserved 1114112K
  class space    used 4553K, committed 4992K, reserved 1048576K
}
Event: 4.425 GC heap before
{Heap before GC invocations=7 (full 0):
 garbage-first heap   total 83968K, used 32755K [0x0000000080000000, 0x0000000100000000)
  region size 1024K, 13 young (13312K), 6 survivors (6144K)
 Metaspace       used 35123K, committed 35968K, reserved 1114112K
  class space    used 4671K, committed 5120K, reserved 1048576K
}
Event: 4.430 GC heap after
{Heap after GC invocations=8 (full 0):
 garbage-first heap   total 83968K, used 26768K [0x0000000080000000, 0x0000000100000000)
  region size 1024K, 4 young (4096K), 4 survivors (4096K)
 Metaspace       used 35123K, committed 35968K, reserved 1114112K
  class space    used 4671K, committed 5120K, reserved 1048576K
}
Event: 5.203 GC heap before
{Heap before GC invocations=9 (full 0):
 garbage-first heap   total 83968K, used 69776K [0x0000000080000000, 0x0000000100000000)
  region size 1024K, 46 young (47104K), 4 survivors (4096K)
 Metaspace       used 40864K, committed 41984K, reserved 1114112K
  class space    used 5595K, committed 6144K, reserved 1048576K
}
Event: 5.207 GC heap after
{Heap after GC invocations=10 (full 0):
 garbage-first heap   total 83968K, used 29134K [0x0000000080000000, 0x0000000100000000)
  region size 1024K, 6 young (6144K), 6 survivors (6144K)
 Metaspace       used 40864K, committed 41984K, reserved 1114112K
  class space    used 5595K, committed 6144K, reserved 1048576K
}
Event: 5.653 GC heap before
{Heap before GC invocations=10 (full 0):
 garbage-first heap   total 83968K, used 71118K [0x0000000080000000, 0x0000000100000000)
  region size 1024K, 48 young (49152K), 6 survivors (6144K)
 Metaspace       used 46637K, committed 47936K, reserved 1114112K
  class space    used 6205K, committed 6848K, reserved 1048576K
}
Event: 5.659 GC heap after
{Heap after GC invocations=11 (full 0):
 garbage-first heap   total 83968K, used 32280K [0x0000000080000000, 0x0000000100000000)
  region size 1024K, 6 young (6144K), 6 survivors (6144K)
 Metaspace       used 46637K, committed 47936K, reserved 1114112K
  class space    used 6205K, committed 6848K, reserved 1048576K
}
Event: 6.073 GC heap before
{Heap before GC invocations=11 (full 0):
 garbage-first heap   total 83968K, used 72216K [0x0000000080000000, 0x0000000100000000)
  region size 1024K, 45 young (46080K), 6 survivors (6144K)
 Metaspace       used 48774K, committed 50112K, reserved 1114112K
  class space    used 6557K, committed 7232K, reserved 1048576K
}
Event: 6.077 GC heap after
{Heap after GC invocations=12 (full 0):
 garbage-first heap   total 83968K, used 35558K [0x0000000080000000, 0x0000000100000000)
  region size 1024K, 3 young (3072K), 3 survivors (3072K)
 Metaspace       used 48774K, committed 50112K, reserved 1114112K
  class space    used 6557K, committed 7232K, reserved 1048576K
}
Event: 6.629 GC heap before
{Heap before GC invocations=12 (full 0):
 garbage-first heap   total 83968K, used 74470K [0x0000000080000000, 0x0000000100000000)
  region size 1024K, 40 young (40960K), 3 survivors (3072K)
 Metaspace       used 54295K, committed 55744K, reserved 1114112K
  class space    used 7290K, committed 8000K, reserved 1048576K
}
Event: 6.632 GC heap after
{Heap after GC invocations=13 (full 0):
 garbage-first heap   total 83968K, used 36686K [0x0000000080000000, 0x0000000100000000)
  region size 1024K, 4 young (4096K), 4 survivors (4096K)
 Metaspace       used 54295K, committed 55744K, reserved 1114112K
  class space    used 7290K, committed 8000K, reserved 1048576K
}
Event: 7.132 GC heap before
{Heap before GC invocations=13 (full 0):
 garbage-first heap   total 83968K, used 68430K [0x0000000080000000, 0x0000000100000000)
  region size 1024K, 36 young (36864K), 4 survivors (4096K)
 Metaspace       used 58558K, committed 60096K, reserved 1114112K
  class space    used 7890K, committed 8640K, reserved 1048576K
}
Event: 7.135 GC heap after
{Heap after GC invocations=14 (full 0):
 garbage-first heap   total 83968K, used 38212K [0x0000000080000000, 0x0000000100000000)
  region size 1024K, 3 young (3072K), 3 survivors (3072K)
 Metaspace       used 58558K, committed 60096K, reserved 1114112K
  class space    used 7890K, committed 8640K, reserved 1048576K
}
Event: 8.051 GC heap before
{Heap before GC invocations=15 (full 0):
 garbage-first heap   total 83968K, used 75076K [0x0000000080000000, 0x0000000100000000)
  region size 1024K, 39 young (39936K), 3 survivors (3072K)
 Metaspace       used 63449K, committed 65152K, reserved 1114112K
  class space    used 8675K, committed 9536K, reserved 1048576K
}
Event: 8.054 GC heap after
{Heap after GC invocations=16 (full 0):
 garbage-first heap   total 103424K, used 41060K [0x0000000080000000, 0x0000000100000000)
  region size 1024K, 5 young (5120K), 5 survivors (5120K)
 Metaspace       used 63449K, committed 65152K, reserved 1114112K
  class space    used 8675K, committed 9536K, reserved 1048576K
}

