# JRE version: OpenJDK Runtime Environment (8.0_382-b05) (build 1.8.0_382-b05)
# Java VM: OpenJDK 64-Bit Server VM (25.382-b05 mixed mode windows-amd64 compressed oops)
Heap:
 PSYoungGen      total 441344K, used 104597K [0x00000000d5580000, 0x00000000f3000000, 0x0000000100000000)
  eden space 421376K, 24% used [0x00000000d5580000,0x00000000dbba5700,0x00000000ef100000)
  from space 19968K, 0% used [0x00000000f0300000,0x00000000f0300000,0x00000000f1680000)
  to   space 18432K, 0% used [0x00000000ef100000,0x00000000ef100000,0x00000000f0300000)
 ParOldGen       total 147968K, used 17190K [0x0000000080000000, 0x0000000089080000, 0x00000000d5580000)
  object space 147968K, 11% used [0x0000000080000000,0x00000000810c9b80,0x0000000089080000)
 Metaspace       used 40388K, capacity 42828K, committed 43096K, reserved 1085440K
  class space    used 5725K, capacity 6206K, committed 6272K, reserved 1048576K
GC Heap History (10 events):
Event: 19.930 GC heap before
{Heap before GC invocations=4 (full 0):
 PSYoungGen      total 139776K, used 124015K [0x00000000d5580000, 0x00000000e6680000, 0x0000000100000000)
  eden space 129024K, 88% used [0x00000000d5580000,0x00000000dc4c0ce8,0x00000000dd380000)
  from space 10752K, 93% used [0x00000000dd380000,0x00000000ddd5b1e0,0x00000000dde00000)
  to   space 10752K, 0% used [0x00000000e5c00000,0x00000000e5c00000,0x00000000e6680000)
 ParOldGen       total 172032K, used 32K [0x0000000080000000, 0x000000008a800000, 0x00000000d5580000)
  object space 172032K, 0% used [0x0000000080000000,0x0000000080008000,0x000000008a800000)
 Metaspace       used 20160K, capacity 21170K, committed 21248K, reserved 1067008K
  class space    used 2823K, capacity 3055K, committed 3072K, reserved 1048576K
Event: 19.984 GC heap after
Heap after GC invocations=4 (full 0):
 PSYoungGen      total 268800K, used 10740K [0x00000000d5580000, 0x00000000e6680000, 0x0000000100000000)
  eden space 258048K, 0% used [0x00000000d5580000,0x00000000d5580000,0x00000000e5180000)
  from space 10752K, 99% used [0x00000000e5c00000,0x00000000e667d148,0x00000000e6680000)
  to   space 10752K, 0% used [0x00000000e5180000,0x00000000e5180000,0x00000000e5c00000)
 ParOldGen       total 172032K, used 2685K [0x0000000080000000, 0x000000008a800000, 0x00000000d5580000)
  object space 172032K, 1% used [0x0000000080000000,0x000000008029f728,0x000000008a800000)
 Metaspace       used 20160K, capacity 21170K, committed 21248K, reserved 1067008K
  class space    used 2823K, capacity 3055K, committed 3072K, reserved 1048576K
}
Event: 19.984 GC heap before
{Heap before GC invocations=5 (full 1):
 PSYoungGen      total 268800K, used 10740K [0x00000000d5580000, 0x00000000e6680000, 0x0000000100000000)
  eden space 258048K, 0% used [0x00000000d5580000,0x00000000d5580000,0x00000000e5180000)
  from space 10752K, 99% used [0x00000000e5c00000,0x00000000e667d148,0x00000000e6680000)
  to   space 10752K, 0% used [0x00000000e5180000,0x00000000e5180000,0x00000000e5c00000)
 ParOldGen       total 172032K, used 2685K [0x0000000080000000, 0x000000008a800000, 0x00000000d5580000)
  object space 172032K, 1% used [0x0000000080000000,0x000000008029f728,0x000000008a800000)
 Metaspace       used 20160K, capacity 21170K, committed 21248K, reserved 1067008K
  class space    used 2823K, capacity 3055K, committed 3072K, reserved 1048576K
Event: 20.109 GC heap after
Heap after GC invocations=5 (full 1):
 PSYoungGen      total 268800K, used 0K [0x00000000d5580000, 0x00000000e6680000, 0x0000000100000000)
  eden space 258048K, 0% used [0x00000000d5580000,0x00000000d5580000,0x00000000e5180000)
  from space 10752K, 0% used [0x00000000e5c00000,0x00000000e5c00000,0x00000000e6680000)
  to   space 10752K, 0% used [0x00000000e5180000,0x00000000e5180000,0x00000000e5c00000)
 ParOldGen       total 101376K, used 12891K [0x0000000080000000, 0x0000000086300000, 0x00000000d5580000)
  object space 101376K, 12% used [0x0000000080000000,0x0000000080c96cf0,0x0000000086300000)
 Metaspace       used 20160K, capacity 21170K, committed 21248K, reserved 1067008K
  class space    used 2823K, capacity 3055K, committed 3072K, reserved 1048576K
}
Event: 30.776 GC heap before
{Heap before GC invocations=6 (full 1):
 PSYoungGen      total 268800K, used 258048K [0x00000000d5580000, 0x00000000e6680000, 0x0000000100000000)
  eden space 258048K, 100% used [0x00000000d5580000,0x00000000e5180000,0x00000000e5180000)
  from space 10752K, 0% used [0x00000000e5c00000,0x00000000e5c00000,0x00000000e6680000)
  to   space 10752K, 0% used [0x00000000e5180000,0x00000000e5180000,0x00000000e5c00000)
 ParOldGen       total 101376K, used 12891K [0x0000000080000000, 0x0000000086300000, 0x00000000d5580000)
  object space 101376K, 12% used [0x0000000080000000,0x0000000080c96cf0,0x0000000086300000)
 Metaspace       used 31127K, capacity 32986K, committed 33152K, reserved 1077248K
  class space    used 4483K, capacity 4881K, committed 4992K, reserved 1048576K
Event: 30.818 GC heap after
Heap after GC invocations=6 (full 1):
 PSYoungGen      total 268800K, used 10733K [0x00000000d5580000, 0x00000000f1680000, 0x0000000100000000)
  eden space 258048K, 0% used [0x00000000d5580000,0x00000000d5580000,0x00000000e5180000)
  from space 10752K, 99% used [0x00000000e5180000,0x00000000e5bfb7f0,0x00000000e5c00000)
  to   space 19968K, 0% used [0x00000000f0300000,0x00000000f0300000,0x00000000f1680000)
 ParOldGen       total 101376K, used 18950K [0x0000000080000000, 0x0000000086300000, 0x00000000d5580000)
  object space 101376K, 18% used [0x0000000080000000,0x0000000081281b38,0x0000000086300000)
 Metaspace       used 31127K, capacity 32986K, committed 33152K, reserved 1077248K
  class space    used 4483K, capacity 4881K, committed 4992K, reserved 1048576K
}
Event: 31.937 GC heap before
{Heap before GC invocations=7 (full 1):
 PSYoungGen      total 268800K, used 72271K [0x00000000d5580000, 0x00000000f1680000, 0x0000000100000000)
  eden space 258048K, 23% used [0x00000000d5580000,0x00000000d91985a0,0x00000000e5180000)
  from space 10752K, 99% used [0x00000000e5180000,0x00000000e5bfb7f0,0x00000000e5c00000)
  to   space 19968K, 0% used [0x00000000f0300000,0x00000000f0300000,0x00000000f1680000)
 ParOldGen       total 101376K, used 18950K [0x0000000080000000, 0x0000000086300000, 0x00000000d5580000)
  object space 101376K, 18% used [0x0000000080000000,0x0000000081281b38,0x0000000086300000)
 Metaspace       used 33296K, capacity 35346K, committed 35416K, reserved 1079296K
  class space    used 4833K, capacity 5219K, committed 5248K, reserved 1048576K
Event: 31.982 GC heap after
Heap after GC invocations=7 (full 1):
 PSYoungGen      total 441344K, used 9748K [0x00000000d5580000, 0x00000000f3000000, 0x0000000100000000)
  eden space 421376K, 0% used [0x00000000d5580000,0x00000000d5580000,0x00000000ef100000)
  from space 19968K, 48% used [0x00000000f0300000,0x00000000f0c853a0,0x00000000f1680000)
  to   space 18432K, 0% used [0x00000000ef100000,0x00000000ef100000,0x00000000f0300000)
 ParOldGen       total 101376K, used 18958K [0x0000000080000000, 0x0000000086300000, 0x00000000d5580000)
  object space 101376K, 18% used [0x0000000080000000,0x0000000081283b38,0x0000000086300000)
 Metaspace       used 33296K, capacity 35346K, committed 35416K, reserved 1079296K
  class space    used 4833K, capacity 5219K, committed 5248K, reserved 1048576K
}
Event: 31.982 GC heap before
{Heap before GC invocations=8 (full 2):
 PSYoungGen      total 441344K, used 9748K [0x00000000d5580000, 0x00000000f3000000, 0x0000000100000000)
  eden space 421376K, 0% used [0x00000000d5580000,0x00000000d5580000,0x00000000ef100000)
  from space 19968K, 48% used [0x00000000f0300000,0x00000000f0c853a0,0x00000000f1680000)
  to   space 18432K, 0% used [0x00000000ef100000,0x00000000ef100000,0x00000000f0300000)
 ParOldGen       total 101376K, used 18958K [0x0000000080000000, 0x0000000086300000, 0x00000000d5580000)
  object space 101376K, 18% used [0x0000000080000000,0x0000000081283b38,0x0000000086300000)
 Metaspace       used 33296K, capacity 35346K, committed 35416K, reserved 1079296K
  class space    used 4833K, capacity 5219K, committed 5248K, reserved 1048576K
Event: 32.247 GC heap after
Heap after GC invocations=8 (full 2):
 PSYoungGen      total 441344K, used 0K [0x00000000d5580000, 0x00000000f3000000, 0x0000000100000000)
  eden space 421376K, 0% used [0x00000000d5580000,0x00000000d5580000,0x00000000ef100000)
  from space 19968K, 0% used [0x00000000f0300000,0x00000000f0300000,0x00000000f1680000)
  to   space 18432K, 0% used [0x00000000ef100000,0x00000000ef100000,0x00000000f0300000)
 ParOldGen       total 147968K, used 17190K [0x0000000080000000, 0x0000000089080000, 0x00000000d5580000)
  object space 147968K, 11% used [0x0000000080000000,0x00000000810c9b80,0x0000000089080000)
 Metaspace       used 33292K, capacity 35334K, committed 35416K, reserved 1079296K
  class space    used 4832K, capacity 5217K, committed 5248K, reserved 1048576K
}

